# JRE version: Java(TM) SE Runtime Environment (7.0_51-b13) (build 1.7.0_51-b13)
# Java VM: Java HotSpot(TM) 64-Bit Server VM (24.51-b03 mixed mode bsd-amd64 compressed oops)
Heap
 PSYoungGen      total 329728K, used 143328K [0x000000013df80000, 0x0000000153200000, 0x0000000153500000)
  eden space 328192K, 43% used [0x000000013df80000,0x0000000146a68148,0x0000000152000000)
  from space 1536K, 70% used [0x0000000153000000,0x0000000153110000,0x0000000153180000)
  to   space 512K, 0% used [0x0000000153180000,0x0000000153180000,0x0000000153200000)
 ParOldGen       total 43520K, used 764K [0x0000000113500000, 0x0000000115f80000, 0x000000013df80000)
  object space 43520K, 1% used [0x0000000113500000,0x00000001135bf0a0,0x0000000115f80000)
 PSPermGen       total 21504K, used 4839K [0x000000010e300000, 0x000000010f800000, 0x0000000113500000)
  object space 21504K, 22% used [0x000000010e300000,0x000000010e7b9fa8,0x000000010f800000)
GC Heap History (10 events):
Event: 7.471 GC heap before
{Heap before GC invocations=17 (full 0):
 PSYoungGen      total 348160K, used 346912K [0x000000013df80000, 0x0000000153500000, 0x0000000153500000)
  eden space 346624K, 100% used [0x000000013df80000,0x0000000153200000,0x0000000153200000)
  from space 1536K, 18% used [0x0000000153380000,0x00000001533c8050,0x0000000153500000)
  to   space 1536K, 0% used [0x0000000153200000,0x0000000153200000,0x0000000153380000)
 ParOldGen       total 43520K, used 708K [0x0000000113500000, 0x0000000115f80000, 0x000000013df80000)
  object space 43520K, 1% used [0x0000000113500000,0x00000001135b1090,0x0000000115f80000)
 PSPermGen       total 21504K, used 3299K [0x000000010e300000, 0x000000010f800000, 0x0000000113500000)
  object space 21504K, 15% used [0x000000010e300000,0x000000010e638f18,0x000000010f800000)
Event: 7.474 GC heap after
Heap after GC invocations=17 (full 0):
 PSYoungGen      total 330752K, used 128K [0x000000013df80000, 0x0000000153400000, 0x0000000153500000)
  eden space 330240K, 0% used [0x000000013df80000,0x000000013df80000,0x0000000152200000)
  from space 512K, 25% used [0x0000000153200000,0x0000000153220030,0x0000000153280000)
  to   space 1536K, 0% used [0x0000000153280000,0x0000000153280000,0x0000000153400000)
 ParOldGen       total 43520K, used 724K [0x0000000113500000, 0x0000000115f80000, 0x000000013df80000)
  object space 43520K, 1% used [0x0000000113500000,0x00000001135b50a0,0x0000000115f80000)
 PSPermGen       total 21504K, used 3299K [0x000000010e300000, 0x000000010f800000, 0x0000000113500000)
  object space 21504K, 15% used [0x000000010e300000,0x000000010e638f18,0x000000010f800000)
}
Event: 8.055 GC heap before
{Heap before GC invocations=18 (full 0):
 PSYoungGen      total 330752K, used 330368K [0x000000013df80000, 0x0000000153400000, 0x0000000153500000)
  eden space 330240K, 100% used [0x000000013df80000,0x0000000152200000,0x0000000152200000)
  from space 512K, 25% used [0x0000000153200000,0x0000000153220030,0x0000000153280000)
  to   space 1536K, 0% used [0x0000000153280000,0x0000000153280000,0x0000000153400000)
 ParOldGen       total 43520K, used 724K [0x0000000113500000, 0x0000000115f80000, 0x000000013df80000)
  object space 43520K, 1% used [0x0000000113500000,0x00000001135b50a0,0x0000000115f80000)
 PSPermGen       total 21504K, used 3304K [0x000000010e300000, 0x000000010f800000, 0x0000000113500000)
  object space 21504K, 15% used [0x000000010e300000,0x000000010e63a240,0x000000010f800000)
Event: 8.060 GC heap after
Heap after GC invocations=18 (full 0):
 PSYoungGen      total 315904K, used 640K [0x000000013df80000, 0x0000000153380000, 0x0000000153500000)
  eden space 314880K, 0% used [0x000000013df80000,0x000000013df80000,0x0000000151300000)
  from space 1024K, 62% used [0x0000000153280000,0x0000000153320120,0x0000000153380000)
  to   space 1536K, 0% used [0x0000000153080000,0x0000000153080000,0x0000000153200000)
 ParOldGen       total 43520K, used 732K [0x0000000113500000, 0x0000000115f80000, 0x000000013df80000)
  object space 43520K, 1% used [0x0000000113500000,0x00000001135b70a0,0x0000000115f80000)
 PSPermGen       total 21504K, used 3304K [0x000000010e300000, 0x000000010f800000, 0x0000000113500000)
  object space 21504K, 15% used [0x000000010e300000,0x000000010e63a240,0x000000010f800000)
}
Event: 8.591 GC heap before
{Heap before GC invocations=19 (full 0):
 PSYoungGen      total 315904K, used 315520K [0x000000013df80000, 0x0000000153380000, 0x0000000153500000)
  eden space 314880K, 100% used [0x000000013df80000,0x0000000151300000,0x0000000151300000)
  from space 1024K, 62% used [0x0000000153280000,0x0000000153320120,0x0000000153380000)
  to   space 1536K, 0% used [0x0000000153080000,0x0000000153080000,0x0000000153200000)
 ParOldGen       total 43520K, used 732K [0x0000000113500000, 0x0000000115f80000, 0x000000013df80000)
  object space 43520K, 1% used [0x0000000113500000,0x00000001135b70a0,0x0000000115f80000)
 PSPermGen       total 21504K, used 3305K [0x000000010e300000, 0x000000010f800000, 0x0000000113500000)
  object space 21504K, 15% used [0x000000010e300000,0x000000010e63a660,0x000000010f800000)
Event: 8.591 GC heap after
Heap after GC invocations=19 (full 0):
 PSYoungGen      total 300544K, used 256K [0x000000013df80000, 0x0000000153300000, 0x0000000153500000)
  eden space 300032K, 0% used [0x000000013df80000,0x000000013df80000,0x0000000150480000)
  from space 512K, 50% used [0x0000000153080000,0x00000001530c0050,0x0000000153100000)
  to   space 1536K, 0% used [0x0000000153180000,0x0000000153180000,0x0000000153300000)
 ParOldGen       total 43520K, used 740K [0x0000000113500000, 0x0000000115f80000, 0x000000013df80000)
  object space 43520K, 1% used [0x0000000113500000,0x00000001135b90a0,0x0000000115f80000)
 PSPermGen       total 21504K, used 3305K [0x000000010e300000, 0x000000010f800000, 0x0000000113500000)
  object space 21504K, 15% used [0x000000010e300000,0x000000010e63a660,0x000000010f800000)
}
Event: 9.103 GC heap before
{Heap before GC invocations=20 (full 0):
 PSYoungGen      total 300544K, used 300288K [0x000000013df80000, 0x0000000153300000, 0x0000000153500000)
  eden space 300032K, 100% used [0x000000013df80000,0x0000000150480000,0x0000000150480000)
  from space 512K, 50% used [0x0000000153080000,0x00000001530c0050,0x0000000153100000)
  to   space 1536K, 0% used [0x0000000153180000,0x0000000153180000,0x0000000153300000)
 ParOldGen       total 43520K, used 740K [0x0000000113500000, 0x0000000115f80000, 0x000000013df80000)
  object space 43520K, 1% used [0x0000000113500000,0x00000001135b90a0,0x0000000115f80000)
 PSPermGen       total 21504K, used 3306K [0x000000010e300000, 0x000000010f800000, 0x0000000113500000)
  object space 21504K, 15% used [0x000000010e300000,0x000000010e63a9a0,0x000000010f800000)
Event: 9.113 GC heap after
Heap after GC invocations=20 (full 0):
 PSYoungGen      total 346112K, used 192K [0x000000013df80000, 0x0000000153500000, 0x0000000153500000)
  eden space 344576K, 0% used [0x000000013df80000,0x000000013df80000,0x0000000153000000)
  from space 1536K, 12% used [0x0000000153180000,0x00000001531b0030,0x0000000153300000)
  to   space 1536K, 0% used [0x0000000153000000,0x0000000153000000,0x0000000153180000)
 ParOldGen       total 43520K, used 756K [0x0000000113500000, 0x0000000115f80000, 0x000000013df80000)
  object space 43520K, 1% used [0x0000000113500000,0x00000001135bd0a0,0x0000000115f80000)
 PSPermGen       total 21504K, used 3306K [0x000000010e300000, 0x000000010f800000, 0x0000000113500000)
  object space 21504K, 15% used [0x000000010e300000,0x000000010e63a9a0,0x000000010f800000)
}
Event: 10.461 GC heap before
{Heap before GC invocations=21 (full 0):
 PSYoungGen      total 346112K, used 344768K [0x000000013df80000, 0x0000000153500000, 0x0000000153500000)
  eden space 344576K, 100% used [0x000000013df80000,0x0000000153000000,0x0000000153000000)
  from space 1536K, 12% used [0x0000000153180000,0x00000001531b0030,0x0000000153300000)
  to   space 1536K, 0% used [0x0000000153000000,0x0000000153000000,0x0000000153180000)
 ParOldGen       total 43520K, used 756K [0x0000000113500000, 0x0000000115f80000, 0x000000013df80000)
  object space 43520K, 1% used [0x0000000113500000,0x00000001135bd0a0,0x0000000115f80000)
 PSPermGen       total 21504K, used 4763K [0x000000010e300000, 0x000000010f800000, 0x0000000113500000)
  object space 21504K, 22% used [0x000000010e300000,0x000000010e7a6f18,0x000000010f800000)
Event: 10.463 GC heap after
Heap after GC invocations=21 (full 0):
 PSYoungGen      total 329728K, used 1088K [0x000000013df80000, 0x0000000153200000, 0x0000000153500000)
  eden space 328192K, 0% used [0x000000013df80000,0x000000013df80000,0x0000000152000000)
  from space 1536K, 70% used [0x0000000153000000,0x0000000153110000,0x0000000153180000)
  to   space 512K, 0% used [0x0000000153180000,0x0000000153180000,0x0000000153200000)
 ParOldGen       total 43520K, used 764K [0x0000000113500000, 0x0000000115f80000, 0x000000013df80000)
  object space 43520K, 1% used [0x0000000113500000,0x00000001135bf0a0,0x0000000115f80000)
 PSPermGen       total 21504K, used 4763K [0x000000010e300000, 0x000000010f800000, 0x0000000113500000)
  object space 21504K, 22% used [0x000000010e300000,0x000000010e7a6f18,0x000000010f800000)
}

